app/build/intermediates/manifest_merge_blame_file/debug/manifest-merger-blame-debug-report.txt
1<?xml version="1.0" encoding="utf-8"?>
2<manifest xmlns:android="http://schemas.android.com/apk/res/android"
3    package="com.example.kotlincsvfile"
4    android:versionCode="1"
5    android:versionName="1.0" >
6
7    <uses-sdk
8        android:minSdkVersion="16"
8-->src\main\AndroidManifest.xml
9        android:targetSdkVersion="30" />
9-->src\main\AndroidManifest.xml
10
11    <uses-permission android:name="android.permission.READ_EXTERNAL_STORAGE" />
11-->src\main\AndroidManifest.xml:5:5-80
11-->src\main\AndroidManifest.xml:5:22-77
12
13    <application
13-->src\main\AndroidManifest.xml:7:5-23:19
14        android:allowBackup="true"
14-->src\main\AndroidManifest.xml:8:9-35
15        android:appComponentFactory="androidx.core.app.CoreComponentFactory"
15-->[androidx.core:core:1.5.0] AndroidManifest.xml:24:18-86
16        android:debuggable="true"
17        android:icon="@mipmap/ic_launcher"
17-->src\main\AndroidManifest.xml:9:9-43
18        android:label="@string/app_name"
18-->src\main\AndroidManifest.xml:10:9-41
19        android:requestLegacyExternalStorage="true"
19-->src\main\AndroidManifest.xml:11:9-52
20        android:roundIcon="@mipmap/ic_launcher_round"
20-->src\main\AndroidManifest.xml:12:9-54
21        android:supportsRtl="true"
21-->src\main\AndroidManifest.xml:13:9-35
22        android:testOnly="true"
23        android:theme="@style/Theme.KotlinCSVFile" >
23-->src\main\AndroidManifest.xml:14:9-51
24        <activity android:name="com.example.kotlincsvfile.HomeActivity" />
24-->src\main\AndroidManifest.xml:15:9-59
24-->src\main\AndroidManifest.xml:15:19-47
25        <activity android:name="com.example.kotlincsvfile.MainActivity" >
25-->src\main\AndroidManifest.xml:16:9-22:20
25-->src\main\AndroidManifest.xml:16:19-47
26            <intent-filter>
26-->src\main\AndroidManifest.xml:17:13-21:29
27                <action android:name="android.intent.action.MAIN" />
27-->src\main\AndroidManifest.xml:18:17-69
27-->src\main\AndroidManifest.xml:18:25-66
28
29                <category android:name="android.intent.category.LAUNCHER" />
29-->src\main\AndroidManifest.xml:20:17-77
29-->src\main\AndroidManifest.xml:20:27-74
30            </intent-filter>
31        </activity>
32        <activity
32-->[pub.devrel:easypermissions:3.0.0] AndroidManifest.xml:12:9-16:66
33            android:name="pub.devrel.easypermissions.AppSettingsDialogHolderActivity"
33-->[pub.devrel:easypermissions:3.0.0] AndroidManifest.xml:13:13-86
34            android:exported="false"
34-->[pub.devrel:easypermissions:3.0.0] AndroidManifest.xml:14:13-37
35            android:label=""
35-->[pub.devrel:easypermissions:3.0.0] AndroidManifest.xml:15:13-29
36            android:theme="@style/EasyPermissions.Transparent" />
36-->[pub.devrel:easypermissions:3.0.0] AndroidManifest.xml:16:13-63
37    </application>
38
39</manifest>